d:\dev\workshop\visual studio\c++\gameframework\gameframework\debug\vc120.pdb
d:\dev\workshop\visual studio\c++\gameframework\gameframework\debug\vc120.idb
d:\dev\workshop\visual studio\c++\gameframework\gameframework\debug\source.obj
d:\dev\workshop\visual studio\c++\gameframework\gameframework\debug\window.obj
d:\dev\workshop\visual studio\c++\gameframework\gameframework\debug\game.obj
d:\dev\workshop\visual studio\c++\gameframework\debug\gameframework.ilk
d:\dev\workshop\visual studio\c++\gameframework\debug\gameframework.exe
d:\dev\workshop\visual studio\c++\gameframework\debug\gameframework.pdb
c:\users\stdaca1\desktop\gameframework\gameframework\debug\game.obj
c:\users\stdaca1\desktop\gameframework\gameframework\debug\source.obj
c:\users\stdaca1\desktop\gameframework\gameframework\debug\window.obj
c:\users\stdaca1\desktop\gameframework\gameframework\debug\vc120.idb
c:\users\stdaca1\desktop\gameframework\gameframework\debug\vc120.pdb
c:\users\stdaca1\desktop\gameframework\debug\gameframework.pdb
c:\users\stdaca1\desktop\gameframework\debug\gameframework.exe
c:\users\stdaca1\desktop\gameframework\debug\gameframework.ilk
c:\users\stdaca1\desktop\gameframework\gameframework\debug\gameframework.tlog\cl.command.1.tlog
c:\users\stdaca1\desktop\gameframework\gameframework\debug\gameframework.tlog\cl.read.1.tlog
c:\users\stdaca1\desktop\gameframework\gameframework\debug\gameframework.tlog\cl.write.1.tlog
c:\users\stdaca1\desktop\gameframework\gameframework\debug\gameframework.tlog\link.command.1.tlog
c:\users\stdaca1\desktop\gameframework\gameframework\debug\gameframework.tlog\link.read.1.tlog
c:\users\stdaca1\desktop\gameframework\gameframework\debug\gameframework.tlog\link.write.1.tlog
