Build started 2014-11-28 16:08:52.
     1>Project "D:\Dev\Workshop\Visual Studio\Git_SVN_other\RpgGame\trunk\GameFramework\lib\CommonUtilities\CommonUtilities\CommonUtilities.vcxproj" on node 2 (Build target(s)).
     1>ClCompile:
         D:\Dev\Programs\Visual Studio 2013\VC\bin\CL.exe /c /Zi /nologo /W4 /WX /sdl /O2 /Oi /Oy- /GL /D _MBCS /Gm- /EHsc /MD /GS /Gy /fp:precise /Zc:wchar_t /Zc:forScope /Fo"Release\\" /Fd"Release\vc120.pdb" /Gd /TP /analyze- /errorReport:prompt InputHandler.cpp Time.cpp Timer.cpp TimerManager.cpp Utilities.cpp
         InputHandler.cpp
         D:\Dev\Lib\DirectXSDK\Include\dinput.h: DIRECTINPUT_VERSION undefined. Defaulting to version 0x0800
         Time.cpp
         Timer.cpp
         TimerManager.cpp
         Utilities.cpp
       Lib:
         D:\Dev\Programs\Visual Studio 2013\VC\bin\Lib.exe /OUT:"D:\Dev\Workshop\Visual Studio\Git_SVN_other\RpgGame\trunk\GameFramework\Release\CommonUtilities.lib" /NOLOGO /LTCG Release\InputHandler.obj
         Release\Time.obj
         Release\Timer.obj
         Release\TimerManager.obj
         Release\Utilities.obj
         CommonUtilities.vcxproj -> D:\Dev\Workshop\Visual Studio\Git_SVN_other\RpgGame\trunk\GameFramework\Release\CommonUtilities.lib
     1>Done Building Project "D:\Dev\Workshop\Visual Studio\Git_SVN_other\RpgGame\trunk\GameFramework\lib\CommonUtilities\CommonUtilities\CommonUtilities.vcxproj" (Build target(s)).

Build succeeded.

Time Elapsed 00:00:03.76
