d:\dev\workshop\visual studio\c++\gameframework\lib\commonutilities\commonutilities\debug\vc120.pdb
d:\dev\workshop\visual studio\c++\gameframework\lib\commonutilities\commonutilities\debug\vc120.idb
d:\dev\workshop\visual studio\c++\gameframework\lib\commonutilities\commonutilities\debug\inputhandler.obj
d:\dev\workshop\visual studio\c++\gameframework\lib\commonutilities\commonutilities\debug\time.obj
d:\dev\workshop\visual studio\c++\gameframework\lib\commonutilities\commonutilities\debug\timer.obj
d:\dev\workshop\visual studio\c++\gameframework\lib\commonutilities\commonutilities\debug\timermanager.obj
d:\dev\workshop\visual studio\c++\gameframework\lib\commonutilities\commonutilities\debug\utilities.obj
d:\dev\workshop\visual studio\c++\gameframework\debug\commonutilities.lib
c:\users\stdaca1\desktop\gameframework\lib\commonutilities\commonutilities\debug\inputhandler.obj
c:\users\stdaca1\desktop\gameframework\lib\commonutilities\commonutilities\debug\time.obj
c:\users\stdaca1\desktop\gameframework\lib\commonutilities\commonutilities\debug\timer.obj
c:\users\stdaca1\desktop\gameframework\lib\commonutilities\commonutilities\debug\timermanager.obj
c:\users\stdaca1\desktop\gameframework\lib\commonutilities\commonutilities\debug\utilities.obj
c:\users\stdaca1\desktop\gameframework\lib\commonutilities\commonutilities\debug\vc120.idb
c:\users\stdaca1\desktop\gameframework\lib\commonutilities\commonutilities\debug\vc120.pdb
c:\users\stdaca1\desktop\gameframework\debug\commonutilities.lib
c:\users\stdaca1\desktop\gameframework\lib\commonutilities\commonutilities\debug\commonutilities.tlog\cl.command.1.tlog
c:\users\stdaca1\desktop\gameframework\lib\commonutilities\commonutilities\debug\commonutilities.tlog\cl.read.1.tlog
c:\users\stdaca1\desktop\gameframework\lib\commonutilities\commonutilities\debug\commonutilities.tlog\cl.write.1.tlog
c:\users\stdaca1\desktop\gameframework\lib\commonutilities\commonutilities\debug\commonutilities.tlog\lib-link.read.1.tlog
c:\users\stdaca1\desktop\gameframework\lib\commonutilities\commonutilities\debug\commonutilities.tlog\lib-link.write.1.tlog
c:\users\stdaca1\desktop\gameframework\lib\commonutilities\commonutilities\debug\commonutilities.tlog\lib.command.1.tlog
